<?xml version="1.0" encoding="UTF-8"?>
<!-- Generated by org.testng.reporters.JUnitXMLReporter -->
<testsuite hostname="MDs-Mac-Pro.local" ignored="0" name="Registration Page Test" tests="1" failures="1" timestamp="2021-09-08T20:27:28 CDT" time="21.873" errors="0">
  <testcase name="registrationTest" time="17.773" classname="com.graviton.tests.RegistrationPageTest">
    <failure type="java.lang.AssertionError" message="expected [true] but found [false]">
      <![CDATA[java.lang.AssertionError: expected [true] but found [false]
at com.graviton.pages.RegistrationPage.registerAccount(RegistrationPage.java:50)
at com.graviton.tests.RegistrationPageTest.registrationTest(RegistrationPageTest.java:10)
at java.util.ArrayList.forEach(ArrayList.java:1259)
... Removed 35 stack frames]]>
    </failure>
  </testcase> <!-- registrationTest -->
</testsuite> <!-- Registration Page Test -->
