<?xml version="1.0" encoding="UTF-8"?>
<testng-results skipped="0" failed="1" ignored="0" total="2" passed="1">
  <reporter-output>
  </reporter-output>
  <suite name="Heat clinic demo" duration-ms="32474" started-at="2021-09-08T20:27:06 CDT" finished-at="2021-09-08T20:27:39 CDT">
    <groups>
    </groups>
    <test name="Registration Page Test" duration-ms="21873" started-at="2021-09-08T20:27:06 CDT" finished-at="2021-09-08T20:27:28 CDT">
      <class name="com.graviton.tests.RegistrationPageTest">
        <test-method status="PASS" signature="setup()[pri:0, instance:com.graviton.tests.RegistrationPageTest@2b2948e2]" name="setup" is-config="true" duration-ms="3965" started-at="2021-09-08T20:27:06 CDT" finished-at="2021-09-08T20:27:10 CDT">
          <reporter-output>
          </reporter-output>
        </test-method> <!-- setup -->
        <test-method status="FAIL" signature="registrationTest()[pri:0, instance:com.graviton.tests.RegistrationPageTest@2b2948e2]" name="registrationTest" duration-ms="17773" started-at="2021-09-08T20:27:10 CDT" finished-at="2021-09-08T20:27:28 CDT">
          <exception class="java.lang.AssertionError">
            <message>
              <![CDATA[expected [true] but found [false]]]>
            </message>
            <full-stacktrace>
              <![CDATA[java.lang.AssertionError: expected [true] but found [false]
at org.testng.Assert.fail(Assert.java:99)
at org.testng.Assert.failNotEquals(Assert.java:1037)
at org.testng.Assert.assertTrue(Assert.java:45)
at org.testng.Assert.assertTrue(Assert.java:55)
at com.graviton.pages.RegistrationPage.registerAccount(RegistrationPage.java:50)
at com.graviton.tests.RegistrationPageTest.registrationTest(RegistrationPageTest.java:10)
at sun.reflect.NativeMethodAccessorImpl.invoke0(Native Method)
at sun.reflect.NativeMethodAccessorImpl.invoke(NativeMethodAccessorImpl.java:62)
at sun.reflect.DelegatingMethodAccessorImpl.invoke(DelegatingMethodAccessorImpl.java:43)
at java.lang.reflect.Method.invoke(Method.java:498)
at org.testng.internal.MethodInvocationHelper.invokeMethod(MethodInvocationHelper.java:133)
at org.testng.internal.TestInvoker.invokeMethod(TestInvoker.java:598)
at org.testng.internal.TestInvoker.invokeTestMethod(TestInvoker.java:173)
at org.testng.internal.MethodRunner.runInSequence(MethodRunner.java:46)
at org.testng.internal.TestInvoker$MethodInvocationAgent.invoke(TestInvoker.java:824)
at org.testng.internal.TestInvoker.invokeTestMethods(TestInvoker.java:146)
at org.testng.internal.TestMethodWorker.invokeTestMethods(TestMethodWorker.java:146)
at org.testng.internal.TestMethodWorker.run(TestMethodWorker.java:128)
at java.util.ArrayList.forEach(ArrayList.java:1259)
at org.testng.TestRunner.privateRun(TestRunner.java:794)
at org.testng.TestRunner.run(TestRunner.java:596)
at org.testng.SuiteRunner.runTest(SuiteRunner.java:377)
at org.testng.SuiteRunner.runSequentially(SuiteRunner.java:371)
at org.testng.SuiteRunner.privateRun(SuiteRunner.java:332)
at org.testng.SuiteRunner.run(SuiteRunner.java:276)
at org.testng.SuiteRunnerWorker.runSuite(SuiteRunnerWorker.java:53)
at org.testng.SuiteRunnerWorker.run(SuiteRunnerWorker.java:96)
at org.testng.TestNG.runSuitesSequentially(TestNG.java:1212)
at org.testng.TestNG.runSuitesLocally(TestNG.java:1134)
at org.testng.TestNG.runSuites(TestNG.java:1063)
at org.testng.TestNG.run(TestNG.java:1031)
at org.apache.maven.surefire.testng.TestNGExecutor.run(TestNGExecutor.java:283)
at org.apache.maven.surefire.testng.TestNGXmlTestSuite.execute(TestNGXmlTestSuite.java:75)
at org.apache.maven.surefire.testng.TestNGProvider.invoke(TestNGProvider.java:120)
at org.apache.maven.surefire.booter.ForkedBooter.invokeProviderInSameClassLoader(ForkedBooter.java:384)
at org.apache.maven.surefire.booter.ForkedBooter.runSuitesInProcess(ForkedBooter.java:345)
at org.apache.maven.surefire.booter.ForkedBooter.execute(ForkedBooter.java:126)
at org.apache.maven.surefire.booter.ForkedBooter.main(ForkedBooter.java:418)
]]>
            </full-stacktrace>
          </exception> <!-- java.lang.AssertionError -->
          <reporter-output>
          </reporter-output>
        </test-method> <!-- registrationTest -->
        <test-method status="PASS" signature="teardown()[pri:0, instance:com.graviton.tests.RegistrationPageTest@2b2948e2]" name="teardown" is-config="true" duration-ms="98" started-at="2021-09-08T20:27:28 CDT" finished-at="2021-09-08T20:27:28 CDT">
          <reporter-output>
          </reporter-output>
        </test-method> <!-- teardown -->
      </class> <!-- com.graviton.tests.RegistrationPageTest -->
    </test> <!-- Registration Page Test -->
    <test name="Log In Test" duration-ms="10590" started-at="2021-09-08T20:27:28 CDT" finished-at="2021-09-08T20:27:39 CDT">
      <class name="com.graviton.tests.LogInTest">
        <test-method status="PASS" signature="setup()[pri:0, instance:com.graviton.tests.LogInTest@6321e813]" name="setup" is-config="true" duration-ms="2955" started-at="2021-09-08T20:27:28 CDT" finished-at="2021-09-08T20:27:31 CDT">
          <reporter-output>
          </reporter-output>
        </test-method> <!-- setup -->
        <test-method status="PASS" signature="loginTest(java.lang.String,java.lang.String)[pri:0, instance:com.graviton.tests.LogInTest@6321e813]" name="loginTest" duration-ms="7536" started-at="2021-09-08T20:27:31 CDT" finished-at="2021-09-08T20:27:39 CDT">
          <params>
            <param index="0">
              <value>
                <![CDATA[hello@hello.com]]>
              </value>
            </param>
            <param index="1">
              <value>
                <![CDATA[hello1234]]>
              </value>
            </param>
          </params>
          <reporter-output>
          </reporter-output>
        </test-method> <!-- loginTest -->
        <test-method status="PASS" signature="teardown()[pri:0, instance:com.graviton.tests.LogInTest@6321e813]" name="teardown" is-config="true" duration-ms="97" started-at="2021-09-08T20:27:39 CDT" finished-at="2021-09-08T20:27:39 CDT">
          <reporter-output>
          </reporter-output>
        </test-method> <!-- teardown -->
      </class> <!-- com.graviton.tests.LogInTest -->
    </test> <!-- Log In Test -->
  </suite> <!-- Heat clinic demo -->
</testng-results>
